<?xml version="1.0" encoding="UTF-8"?>
<!-- Generated by org.testng.reporters.JUnitReportReporter -->
<testsuite hostname="Gowtham" failures="0" tests="2" name="GowthamProject.Tests.OrderSubmission" time="39.829" errors="0" timestamp="2024-03-06T11:37:02 IST" skipped="0">
  <testcase classname="GowthamProject.Tests.OrderSubmission" name="SubmitOrder" time="20.425"/>
  <testcase classname="GowthamProject.Tests.OrderSubmission" name="SubmitOrder" time="19.404"/>
</testsuite> <!-- GowthamProject.Tests.OrderSubmission -->
