<?xml version="1.0" encoding="UTF-8"?>
<!-- Generated by org.testng.reporters.JUnitReportReporter -->
<testsuite hostname="Gowtham" failures="0" tests="1" name="GowthamProject.Tests.Error_Validation" time="7.530" errors="0" timestamp="2024-03-06T01:24:45 IST" skipped="0">
  <testcase classname="GowthamProject.Tests.Error_Validation" name="ErrorValidations" time="7.530"/>
</testsuite> <!-- GowthamProject.Tests.Error_Validation -->
