<?xml version="1.0" encoding="UTF-8"?>
<!-- Generated by org.testng.reporters.JUnitReportReporter -->
<testsuite hostname="Gowtham" failures="0" tests="2" name="GowthamProject.Tests.OrderSubmission" time="39.159" errors="0" timestamp="2024-03-06T01:24:45 IST" skipped="0">
  <testcase classname="GowthamProject.Tests.OrderSubmission" name="SubmitOrder" time="18.435"/>
  <testcase classname="GowthamProject.Tests.OrderSubmission" name="SubmitOrder" time="20.724"/>
</testsuite> <!-- GowthamProject.Tests.OrderSubmission -->
