<?xml version="1.0" encoding="UTF-8"?>
<!-- Generated by org.testng.reporters.JUnitReportReporter -->
<testsuite hostname="Gowtham" failures="0" tests="1" name="Cucumber.TestNG_TestRunner" time="23.947" errors="0" timestamp="2024-03-06T14:26:38 IST" skipped="0">
  <testcase classname="Cucumber.TestNG_TestRunner" name="runScenario" time="23.947"/>
</testsuite> <!-- Cucumber.TestNG_TestRunner -->
